  main.c
c:\users\양정모\documents\visual studio 2017\projects\socket\socketpractice_02_server\main.c(18): warning C4047: '초기화 중': 'DWORD'의 간접 참조 수준이 'void *'과(와) 다릅니다.
c:\users\양정모\documents\visual studio 2017\projects\socket\socketpractice_02_server\main.c(83): warning C4047: '=': 'DWORD'의 간접 참조 수준이 'void *'과(와) 다릅니다.
c:\users\양정모\documents\visual studio 2017\projects\socket\socketpractice_02_server\main.c(91): warning C4047: '!=': 'SOCKET'의 간접 참조 수준이 'void *'과(와) 다릅니다.
c:\users\양정모\documents\visual studio 2017\projects\socket\socketpractice_02_server\main.c(89): warning C4996: 'sprintf': This function or variable may be unsafe. Consider using sprintf_s instead. To disable deprecation, use _CRT_SECURE_NO_WARNINGS. See online help for details.
  c:\program files (x86)\windows kits\10\include\10.0.14393.0\ucrt\stdio.h(1769): note: 'sprintf' 선언을 참조하십시오.
c:\users\양정모\documents\visual studio 2017\projects\socket\socketpractice_02_server\main.c(110): warning C4047: '=': 'HANDLE'의 간접 참조 수준이 'uintptr_t'과(와) 다릅니다.
c:\users\양정모\documents\visual studio 2017\projects\socket\socketpractice_02_server\main.c(111): warning C4047: '=': 'HANDLE'의 간접 참조 수준이 'uintptr_t'과(와) 다릅니다.
c:\users\양정모\documents\visual studio 2017\projects\socket\socketpractice_02_server\main.c(119): warning C4047: '=': 'HANDLE'의 간접 참조 수준이 'uintptr_t'과(와) 다릅니다.
c:\users\양정모\documents\visual studio 2017\projects\socket\socketpractice_02_server\main.c(133): warning C4047: '=': 'SOCKET'의 간접 참조 수준이 'void *'과(와) 다릅니다.
c:\users\양정모\documents\visual studio 2017\projects\socket\socketpractice_02_server\main.c(137): warning C4047: '=': 'HANDLE'의 간접 참조 수준이 'uintptr_t'과(와) 다릅니다.
c:\users\양정모\documents\visual studio 2017\projects\socket\socketpractice_02_server\main.c(141): warning C4047: '!=': 'SOCKET'의 간접 참조 수준이 'void *'과(와) 다릅니다.
c:\users\양정모\documents\visual studio 2017\projects\socket\socketpractice_02_server\main.c(112): warning C4477: 'printf' : 서식 문자열 '%d'에 'int' 형식의 인수가 필요하지만 variadic 인수 1의 형식이 'HANDLE'입니다.
c:\users\양정모\documents\visual studio 2017\projects\socket\socketpractice_02_server\main.c(112): warning C4477: 'printf' : 서식 문자열 '%d'에 'int' 형식의 인수가 필요하지만 variadic 인수 2의 형식이 'HANDLE'입니다.
c:\users\양정모\documents\visual studio 2017\projects\socket\socketpractice_02_server\main.c(124): warning C4047: '초기화 중': 'SOCKET'의 간접 참조 수준이 'void *'과(와) 다릅니다.
c:\users\양정모\documents\visual studio 2017\projects\socket\socketpractice_02_server\main.c(178): warning C4047: '=': 'HANDLE'의 간접 참조 수준이 'uintptr_t'과(와) 다릅니다.
c:\users\양정모\documents\visual studio 2017\projects\socket\socketpractice_02_server\main.c(177): warning C4047: '초기화 중': 'DWORD'의 간접 참조 수준이 'void *'과(와) 다릅니다.
c:\users\양정모\documents\visual studio 2017\projects\socket\socketpractice_02_server\main.c(158): warning C4101: 'message' :참조되지 않은 지역 변수입니다.
c:\users\양정모\documents\visual studio 2017\projects\socket\socketpractice_02_server\main.c(157): warning C4101: 'recv_message' :참조되지 않은 지역 변수입니다.
c:\users\양정모\documents\visual studio 2017\projects\socket\socketpractice_02_server\main.c(155): warning C4101: 'c' :참조되지 않은 지역 변수입니다.
c:\users\양정모\documents\visual studio 2017\projects\socket\socketpractice_02_server\main.c(150): warning C4716: 'commandThread': 값을 반환해야 합니다.
  SocketPractice_02_Server.vcxproj -> C:\Users\양정모\Documents\Visual Studio 2017\Projects\Socket\SocketPractice_02_Server\Debug\SocketPractice_02_Server.exe
